2025-08-14 16:01:45,661 - __main__ - INFO - Testing module imports...
2025-08-14 16:01:46,116 - __main__ - INFO - Testing database creation...
2025-08-14 16:01:46,130 - __main__ - INFO - Testing Flask app creation...
2025-08-14 16:01:46,145 - __main__ - INFO - App config: {'DEBUG': True, 'TESTING': False, 'PROPAGATE_EXCEPTIONS': None, 'SECRET_KEY': 'your-secret-key-change-this-in-production', 'PERMANENT_SESSION_LIFETIME': datetime.timedelta(days=31), 'USE_X_SENDFILE': False, 'SERVER_NAME': None, 'APPLICATION_ROOT': '/', 'SESSION_COOKIE_NAME': 'session', 'SESSION_COOKIE_DOMAIN': None, 'SESSION_COOKIE_PATH': None, 'SESSION_COOKIE_HTTPONLY': True, 'SESSION_COOKIE_SECURE': False, 'SESSION_COOKIE_SAMESITE': None, 'SESSION_REFRESH_EACH_REQUEST': True, 'MAX_CONTENT_LENGTH': None, 'SEND_FILE_MAX_AGE_DEFAULT': None, 'TRAP_BAD_REQUEST_ERRORS': None, 'TRAP_HTTP_EXCEPTIONS': False, 'EXPLAIN_TEMPLATE_LOADING': False, 'PREFERRED_URL_SCHEME': 'http', 'TEMPLATES_AUTO_RELOAD': None, 'MAX_COOKIE_SIZE': 4093, 'BASE_PATH': 'C:\\Users\\aaron\\OneDrive\\орн▒\\intern\\JE\\OIR Report\\v6'}
2025-08-14 16:01:46,146 - __main__ - INFO - Secret key set: False
2025-08-14 16:01:46,146 - __main__ - INFO - Database manager: <database.DatabaseManager object at 0x00000157A7E17020>
2025-08-14 16:01:46,147 - __main__ - INFO - Temp manager: <temp_data.TempDataManager object at 0x00000157A7CCB3B0>
2025-08-14 16:01:46,178 - werkzeug - INFO - [31m[1mWARNING: This is a development server. Do not use it in a production deployment. Use a production WSGI server instead.[0m
 * Running on http://127.0.0.1:5000
2025-08-14 16:01:46,179 - werkzeug - INFO - [33mPress CTRL+C to quit[0m
2025-08-14 16:01:46,184 - werkzeug - INFO -  * Restarting with stat
2025-08-14 16:01:46,524 - __main__ - INFO - Testing module imports...
2025-08-14 16:01:46,862 - __main__ - INFO - Testing database creation...
2025-08-14 16:01:46,875 - __main__ - INFO - Testing Flask app creation...
2025-08-14 16:01:46,884 - __main__ - INFO - App config: {'DEBUG': True, 'TESTING': False, 'PROPAGATE_EXCEPTIONS': None, 'SECRET_KEY': 'your-secret-key-change-this-in-production', 'PERMANENT_SESSION_LIFETIME': datetime.timedelta(days=31), 'USE_X_SENDFILE': False, 'SERVER_NAME': None, 'APPLICATION_ROOT': '/', 'SESSION_COOKIE_NAME': 'session', 'SESSION_COOKIE_DOMAIN': None, 'SESSION_COOKIE_PATH': None, 'SESSION_COOKIE_HTTPONLY': True, 'SESSION_COOKIE_SECURE': False, 'SESSION_COOKIE_SAMESITE': None, 'SESSION_REFRESH_EACH_REQUEST': True, 'MAX_CONTENT_LENGTH': None, 'SEND_FILE_MAX_AGE_DEFAULT': None, 'TRAP_BAD_REQUEST_ERRORS': None, 'TRAP_HTTP_EXCEPTIONS': False, 'EXPLAIN_TEMPLATE_LOADING': False, 'PREFERRED_URL_SCHEME': 'http', 'TEMPLATES_AUTO_RELOAD': None, 'MAX_COOKIE_SIZE': 4093, 'BASE_PATH': 'C:\\Users\\aaron\\OneDrive\\орн▒\\intern\\JE\\OIR Report\\v6'}
2025-08-14 16:01:46,884 - __main__ - INFO - Secret key set: False
2025-08-14 16:01:46,884 - __main__ - INFO - Database manager: <database.DatabaseManager object at 0x000002592865B6B0>
2025-08-14 16:01:46,884 - __main__ - INFO - Temp manager: <temp_data.TempDataManager object at 0x0000025928661DC0>
2025-08-14 16:01:46,899 - werkzeug - WARNING -  * Debugger is active!
2025-08-14 16:01:46,907 - werkzeug - INFO -  * Debugger PIN: 629-903-921
2025-08-14 16:01:48,298 - werkzeug - INFO -  * Detected change in 'C:\\Users\\aaron\\OneDrive\\орн▒\\intern\\JE\\OIR Report\\v6\\app.py', reloading
2025-08-14 16:01:48,426 - werkzeug - INFO -  * Restarting with stat
2025-08-14 16:01:48,749 - __main__ - INFO - Testing module imports...
2025-08-14 16:01:49,059 - __main__ - INFO - Testing database creation...
2025-08-14 16:01:49,070 - __main__ - INFO - Testing Flask app creation...
2025-08-14 16:01:49,104 - __main__ - INFO - App config: {'DEBUG': True, 'TESTING': False, 'PROPAGATE_EXCEPTIONS': None, 'SECRET_KEY': 'your-secret-key-change-this-in-production', 'PERMANENT_SESSION_LIFETIME': datetime.timedelta(days=31), 'USE_X_SENDFILE': False, 'SERVER_NAME': None, 'APPLICATION_ROOT': '/', 'SESSION_COOKIE_NAME': 'session', 'SESSION_COOKIE_DOMAIN': None, 'SESSION_COOKIE_PATH': None, 'SESSION_COOKIE_HTTPONLY': True, 'SESSION_COOKIE_SECURE': False, 'SESSION_COOKIE_SAMESITE': None, 'SESSION_REFRESH_EACH_REQUEST': True, 'MAX_CONTENT_LENGTH': None, 'SEND_FILE_MAX_AGE_DEFAULT': None, 'TRAP_BAD_REQUEST_ERRORS': None, 'TRAP_HTTP_EXCEPTIONS': False, 'EXPLAIN_TEMPLATE_LOADING': False, 'PREFERRED_URL_SCHEME': 'http', 'TEMPLATES_AUTO_RELOAD': None, 'MAX_COOKIE_SIZE': 4093, 'BASE_PATH': 'C:\\Users\\aaron\\OneDrive\\орн▒\\intern\\JE\\OIR Report\\v6'}
2025-08-14 16:01:49,105 - __main__ - INFO - Secret key set: False
2025-08-14 16:01:49,105 - __main__ - INFO - Database manager: <database.DatabaseManager object at 0x000001927F827B00>
2025-08-14 16:01:49,105 - __main__ - INFO - Temp manager: <temp_data.TempDataManager object at 0x000001927F7FFFE0>
2025-08-14 16:01:49,134 - werkzeug - WARNING -  * Debugger is active!
2025-08-14 16:01:49,146 - werkzeug - INFO -  * Debugger PIN: 629-903-921
2025-08-14 16:03:31,949 - werkzeug - INFO -  * Detected change in 'C:\\Users\\aaron\\OneDrive\\орн▒\\intern\\JE\\OIR Report\\v6\\debug_app.py', reloading
2025-08-14 16:03:32,088 - werkzeug - INFO -  * Restarting with stat
2025-08-14 16:03:32,396 - __main__ - INFO - Testing module imports...
2025-08-14 16:03:32,778 - __main__ - INFO - Testing database creation...
2025-08-14 16:03:32,790 - __main__ - INFO - Testing Flask app creation...
2025-08-14 16:03:32,798 - __main__ - INFO - App config: {'DEBUG': True, 'TESTING': False, 'PROPAGATE_EXCEPTIONS': None, 'SECRET_KEY': 'your-secret-key-change-this-in-production', 'PERMANENT_SESSION_LIFETIME': datetime.timedelta(days=31), 'USE_X_SENDFILE': False, 'SERVER_NAME': None, 'APPLICATION_ROOT': '/', 'SESSION_COOKIE_NAME': 'session', 'SESSION_COOKIE_DOMAIN': None, 'SESSION_COOKIE_PATH': None, 'SESSION_COOKIE_HTTPONLY': True, 'SESSION_COOKIE_SECURE': False, 'SESSION_COOKIE_SAMESITE': None, 'SESSION_REFRESH_EACH_REQUEST': True, 'MAX_CONTENT_LENGTH': None, 'SEND_FILE_MAX_AGE_DEFAULT': None, 'TRAP_BAD_REQUEST_ERRORS': None, 'TRAP_HTTP_EXCEPTIONS': False, 'EXPLAIN_TEMPLATE_LOADING': False, 'PREFERRED_URL_SCHEME': 'http', 'TEMPLATES_AUTO_RELOAD': None, 'MAX_COOKIE_SIZE': 4093, 'BASE_PATH': 'C:\\Users\\aaron\\OneDrive\\орн▒\\intern\\JE\\OIR Report\\v6'}
2025-08-14 16:03:32,798 - __main__ - INFO - Secret key set: False
2025-08-14 16:03:32,798 - __main__ - INFO - Database manager: <database.DatabaseManager object at 0x0000024FA24AB590>
2025-08-14 16:03:32,799 - __main__ - INFO - Temp manager: <temp_data.TempDataManager object at 0x0000024F814A32F0>
2025-08-14 16:03:32,813 - werkzeug - WARNING -  * Debugger is active!
2025-08-14 16:03:32,820 - werkzeug - INFO -  * Debugger PIN: 629-903-921
